Logfile initialized
[INFO] logfile = /Users/timtaylor/Documents/Titanium/SecretsUnsealed/build.log
[DEBUG] /Users/timtaylor/Library/Application Support/Titanium/mobilesdk/osx/3.1.3.GA/android/builder.py distribute SecretsUnsealed /Users/timtaylor/Documents/Android SDK /Users/timtaylor/Documents/Titanium/SecretsUnsealed com.secretsunsealed.secretsunsealed /Users/timtaylor/Documents/Titanium/IPAs/mykeystore.key P@$$word7 secretsunsealed /Users/timtaylor/Documents/Titanium/IPAs
[INFO] plugin=/Users/timtaylor/Library/Application Support/Titanium/plugins/ti.alloy/1.0/plugin.py
[INFO] Detected compiler plugin: ti.alloy/1.0
[INFO] Titanium SDK version: 3.1.3 (09/18/13 12:00 222f4d1)
[INFO] Copying CommonJS modules...
[INFO] Copying project resources..
[TRACE] COPYING MODIFIED FILE: /Users/timtaylor/Documents/Titanium/SecretsUnsealed/Resources/alloy/backbone.js => /Users/timtaylor/Documents/Titanium/SecretsUnsealed/build/android/bin/assets/Resources/alloy/backbone.js
[TRACE] COPYING MODIFIED FILE: /Users/timtaylor/Documents/Titanium/SecretsUnsealed/Resources/alloy/constants.js => /Users/timtaylor/Documents/Titanium/SecretsUnsealed/build/android/bin/assets/Resources/alloy/constants.js
[TRACE] COPYING MODIFIED FILE: /Users/timtaylor/Documents/Titanium/SecretsUnsealed/Resources/alloy/controllers/article.js => /Users/timtaylor/Documents/Titanium/SecretsUnsealed/build/android/bin/assets/Resources/alloy/controllers/article.js
[TRACE] COPYING MODIFIED FILE: /Users/timtaylor/Documents/Titanium/SecretsUnsealed/Resources/alloy/controllers/BaseController.js => /Users/timtaylor/Documents/Titanium/SecretsUnsealed/build/android/bin/assets/Resources/alloy/controllers/BaseController.js
[TRACE] COPYING MODIFIED FILE: /Users/timtaylor/Documents/Titanium/SecretsUnsealed/Resources/alloy/controllers/contact.js => /Users/timtaylor/Documents/Titanium/SecretsUnsealed/build/android/bin/assets/Resources/alloy/controllers/contact.js
[TRACE] COPYING MODIFIED FILE: /Users/timtaylor/Documents/Titanium/SecretsUnsealed/Resources/alloy/controllers/home.js => /Users/timtaylor/Documents/Titanium/SecretsUnsealed/build/android/bin/assets/Resources/alloy/controllers/home.js
[TRACE] COPYING MODIFIED FILE: /Users/timtaylor/Documents/Titanium/SecretsUnsealed/Resources/alloy/controllers/index.js => /Users/timtaylor/Documents/Titanium/SecretsUnsealed/build/android/bin/assets/Resources/alloy/controllers/index.js
[TRACE] COPYING MODIFIED FILE: /Users/timtaylor/Documents/Titanium/SecretsUnsealed/Resources/alloy/controllers/menurow.js => /Users/timtaylor/Documents/Titanium/SecretsUnsealed/build/android/bin/assets/Resources/alloy/controllers/menurow.js
[TRACE] COPYING MODIFIED FILE: /Users/timtaylor/Documents/Titanium/SecretsUnsealed/Resources/alloy/controllers/news.js => /Users/timtaylor/Documents/Titanium/SecretsUnsealed/build/android/bin/assets/Resources/alloy/controllers/news.js
[TRACE] COPYING MODIFIED FILE: /Users/timtaylor/Documents/Titanium/SecretsUnsealed/Resources/alloy/controllers/pdfviewer.js => /Users/timtaylor/Documents/Titanium/SecretsUnsealed/build/android/bin/assets/Resources/alloy/controllers/pdfviewer.js
[TRACE] COPYING MODIFIED FILE: /Users/timtaylor/Documents/Titanium/SecretsUnsealed/Resources/alloy/controllers/premium.js => /Users/timtaylor/Documents/Titanium/SecretsUnsealed/build/android/bin/assets/Resources/alloy/controllers/premium.js
[TRACE] COPYING MODIFIED FILE: /Users/timtaylor/Documents/Titanium/SecretsUnsealed/Resources/alloy/controllers/premiumcategory.js => /Users/timtaylor/Documents/Titanium/SecretsUnsealed/build/android/bin/assets/Resources/alloy/controllers/premiumcategory.js
[TRACE] COPYING MODIFIED FILE: /Users/timtaylor/Documents/Titanium/SecretsUnsealed/Resources/alloy/controllers/vimeoplayer.js => /Users/timtaylor/Documents/Titanium/SecretsUnsealed/build/android/bin/assets/Resources/alloy/controllers/vimeoplayer.js
[TRACE] COPYING MODIFIED FILE: /Users/timtaylor/Documents/Titanium/SecretsUnsealed/Resources/alloy/controllers/webview.js => /Users/timtaylor/Documents/Titanium/SecretsUnsealed/build/android/bin/assets/Resources/alloy/controllers/webview.js
[TRACE] COPYING MODIFIED FILE: /Users/timtaylor/Documents/Titanium/SecretsUnsealed/Resources/alloy/styles/article.js => /Users/timtaylor/Documents/Titanium/SecretsUnsealed/build/android/bin/assets/Resources/alloy/styles/article.js
[TRACE] COPYING MODIFIED FILE: /Users/timtaylor/Documents/Titanium/SecretsUnsealed/Resources/alloy/styles/contact.js => /Users/timtaylor/Documents/Titanium/SecretsUnsealed/build/android/bin/assets/Resources/alloy/styles/contact.js
[TRACE] COPYING MODIFIED FILE: /Users/timtaylor/Documents/Titanium/SecretsUnsealed/Resources/alloy/styles/home.js => /Users/timtaylor/Documents/Titanium/SecretsUnsealed/build/android/bin/assets/Resources/alloy/styles/home.js
[TRACE] COPYING MODIFIED FILE: /Users/timtaylor/Documents/Titanium/SecretsUnsealed/Resources/alloy/styles/index.js => /Users/timtaylor/Documents/Titanium/SecretsUnsealed/build/android/bin/assets/Resources/alloy/styles/index.js
[TRACE] COPYING MODIFIED FILE: /Users/timtaylor/Documents/Titanium/SecretsUnsealed/Resources/alloy/styles/menurow.js => /Users/timtaylor/Documents/Titanium/SecretsUnsealed/build/android/bin/assets/Resources/alloy/styles/menurow.js
[TRACE] COPYING MODIFIED FILE: /Users/timtaylor/Documents/Titanium/SecretsUnsealed/Resources/alloy/styles/news.js => /Users/timtaylor/Documents/Titanium/SecretsUnsealed/build/android/bin/assets/Resources/alloy/styles/news.js
[TRACE] COPYING MODIFIED FILE: /Users/timtaylor/Documents/Titanium/SecretsUnsealed/Resources/alloy/styles/pdfviewer.js => /Users/timtaylor/Documents/Titanium/SecretsUnsealed/build/android/bin/assets/Resources/alloy/styles/pdfviewer.js
[TRACE] COPYING MODIFIED FILE: /Users/timtaylor/Documents/Titanium/SecretsUnsealed/Resources/alloy/styles/premium.js => /Users/timtaylor/Documents/Titanium/SecretsUnsealed/build/android/bin/assets/Resources/alloy/styles/premium.js
[TRACE] COPYING MODIFIED FILE: /Users/timtaylor/Documents/Titanium/SecretsUnsealed/Resources/alloy/styles/premiumcategory.js => /Users/timtaylor/Documents/Titanium/SecretsUnsealed/build/android/bin/assets/Resources/alloy/styles/premiumcategory.js
[TRACE] COPYING MODIFIED FILE: /Users/timtaylor/Documents/Titanium/SecretsUnsealed/Resources/alloy/styles/vimeoplayer.js => /Users/timtaylor/Documents/Titanium/SecretsUnsealed/build/android/bin/assets/Resources/alloy/styles/vimeoplayer.js
[TRACE] COPYING MODIFIED FILE: /Users/timtaylor/Documents/Titanium/SecretsUnsealed/Resources/alloy/styles/webview.js => /Users/timtaylor/Documents/Titanium/SecretsUnsealed/build/android/bin/assets/Resources/alloy/styles/webview.js
[TRACE] COPYING MODIFIED FILE: /Users/timtaylor/Documents/Titanium/SecretsUnsealed/Resources/alloy/sync/localStorage.js => /Users/timtaylor/Documents/Titanium/SecretsUnsealed/build/android/bin/assets/Resources/alloy/sync/localStorage.js
[TRACE] COPYING MODIFIED FILE: /Users/timtaylor/Documents/Titanium/SecretsUnsealed/Resources/alloy/sync/properties.js => /Users/timtaylor/Documents/Titanium/SecretsUnsealed/build/android/bin/assets/Resources/alloy/sync/properties.js
[TRACE] COPYING MODIFIED FILE: /Users/timtaylor/Documents/Titanium/SecretsUnsealed/Resources/alloy/sync/sql.js => /Users/timtaylor/Documents/Titanium/SecretsUnsealed/build/android/bin/assets/Resources/alloy/sync/sql.js
[TRACE] COPYING MODIFIED FILE: /Users/timtaylor/Documents/Titanium/SecretsUnsealed/Resources/alloy/sync/util.js => /Users/timtaylor/Documents/Titanium/SecretsUnsealed/build/android/bin/assets/Resources/alloy/sync/util.js
[TRACE] COPYING MODIFIED FILE: /Users/timtaylor/Documents/Titanium/SecretsUnsealed/Resources/alloy/underscore.js => /Users/timtaylor/Documents/Titanium/SecretsUnsealed/build/android/bin/assets/Resources/alloy/underscore.js
[TRACE] COPYING MODIFIED FILE: /Users/timtaylor/Documents/Titanium/SecretsUnsealed/Resources/alloy/widget.js => /Users/timtaylor/Documents/Titanium/SecretsUnsealed/build/android/bin/assets/Resources/alloy/widget.js
[TRACE] COPYING MODIFIED FILE: /Users/timtaylor/Documents/Titanium/SecretsUnsealed/Resources/alloy/widgets/ds.slideMenu/controllers/widget.js => /Users/timtaylor/Documents/Titanium/SecretsUnsealed/build/android/bin/assets/Resources/alloy/widgets/ds.slideMenu/controllers/widget.js
[TRACE] COPYING MODIFIED FILE: /Users/timtaylor/Documents/Titanium/SecretsUnsealed/Resources/alloy/widgets/ds.slideMenu/styles/widget.js => /Users/timtaylor/Documents/Titanium/SecretsUnsealed/build/android/bin/assets/Resources/alloy/widgets/ds.slideMenu/styles/widget.js
[TRACE] COPYING MODIFIED FILE: /Users/timtaylor/Documents/Titanium/SecretsUnsealed/Resources/alloy.js => /Users/timtaylor/Documents/Titanium/SecretsUnsealed/build/android/bin/assets/Resources/alloy.js
[TRACE] COPYING MODIFIED FILE: /Users/timtaylor/Documents/Titanium/SecretsUnsealed/Resources/android/alloy/CFG.js => /Users/timtaylor/Documents/Titanium/SecretsUnsealed/build/android/bin/assets/Resources/alloy/CFG.js
[TRACE] COPYING MODIFIED FILE: /Users/timtaylor/Documents/Titanium/SecretsUnsealed/Resources/app.js => /Users/timtaylor/Documents/Titanium/SecretsUnsealed/build/android/bin/assets/Resources/app.js
[TRACE] COPYING MODIFIED FILE: /Users/timtaylor/Documents/Titanium/SecretsUnsealed/Resources/ds.slideMenu/ButtonMenu.png => /Users/timtaylor/Documents/Titanium/SecretsUnsealed/build/android/bin/assets/Resources/ds.slideMenu/ButtonMenu.png
[TRACE] COPYING MODIFIED FILE: /Users/timtaylor/Documents/Titanium/SecretsUnsealed/Resources/ds.slideMenu/ButtonMenu@2x.png => /Users/timtaylor/Documents/Titanium/SecretsUnsealed/build/android/bin/assets/Resources/ds.slideMenu/ButtonMenu@2x.png
[TRACE] COPYING MODIFIED FILE: /Users/timtaylor/Documents/Titanium/SecretsUnsealed/Resources/ds.slideMenu/NavBackground.png => /Users/timtaylor/Documents/Titanium/SecretsUnsealed/build/android/bin/assets/Resources/ds.slideMenu/NavBackground.png
[TRACE] COPYING MODIFIED FILE: /Users/timtaylor/Documents/Titanium/SecretsUnsealed/Resources/rss.js => /Users/timtaylor/Documents/Titanium/SecretsUnsealed/build/android/bin/assets/Resources/rss.js
[TRACE] COPYING MODIFIED FILE: /Users/timtaylor/Documents/Titanium/SecretsUnsealed/Resources/ti.taffydb.js => /Users/timtaylor/Documents/Titanium/SecretsUnsealed/build/android/bin/assets/Resources/ti.taffydb.js
[TRACE] COPYING MODIFIED FILE: /Users/timtaylor/Documents/Titanium/SecretsUnsealed/Resources/xhr.js => /Users/timtaylor/Documents/Titanium/SecretsUnsealed/build/android/bin/assets/Resources/xhr.js
[DEBUG] LiveView not enabled
[TRACE] Generating Java Classes
[DEBUG] Processing Android resource drawables
[TRACE] COPYING FILE: /Users/timtaylor/Documents/Titanium/SecretsUnsealed/Resources/android/images/high/at.png => /Users/timtaylor/Documents/Titanium/SecretsUnsealed/build/android/res/drawable-hdpi/at_5f51bf5e70.png
[TRACE] COPYING FILE: /Users/timtaylor/Documents/Titanium/SecretsUnsealed/Resources/android/images/high/ButtonMenu.png => /Users/timtaylor/Documents/Titanium/SecretsUnsealed/build/android/res/drawable-hdpi/buttonmenu_f0876bdb4e.png
[TRACE] COPYING FILE: /Users/timtaylor/Documents/Titanium/SecretsUnsealed/Resources/android/images/high/cards.png => /Users/timtaylor/Documents/Titanium/SecretsUnsealed/build/android/res/drawable-hdpi/cards_2219d463cd.png
[TRACE] COPYING FILE: /Users/timtaylor/Documents/Titanium/SecretsUnsealed/Resources/android/images/high/house.png => /Users/timtaylor/Documents/Titanium/SecretsUnsealed/build/android/res/drawable-hdpi/house_51fb9fd415.png
[TRACE] COPYING FILE: /Users/timtaylor/Documents/Titanium/SecretsUnsealed/Resources/android/images/high/newspaper.png => /Users/timtaylor/Documents/Titanium/SecretsUnsealed/build/android/res/drawable-hdpi/newspaper_b7708545f9.png
[TRACE] COPYING FILE: /Users/timtaylor/Documents/Titanium/SecretsUnsealed/Resources/android/images/low/at.png => /Users/timtaylor/Documents/Titanium/SecretsUnsealed/build/android/res/drawable-ldpi/at_5f51bf5e70.png
[TRACE] COPYING FILE: /Users/timtaylor/Documents/Titanium/SecretsUnsealed/Resources/android/images/low/ButtonMenu.png => /Users/timtaylor/Documents/Titanium/SecretsUnsealed/build/android/res/drawable-ldpi/buttonmenu_f0876bdb4e.png
[TRACE] COPYING FILE: /Users/timtaylor/Documents/Titanium/SecretsUnsealed/Resources/android/images/low/cards.png => /Users/timtaylor/Documents/Titanium/SecretsUnsealed/build/android/res/drawable-ldpi/cards_2219d463cd.png
[TRACE] COPYING FILE: /Users/timtaylor/Documents/Titanium/SecretsUnsealed/Resources/android/images/low/house.png => /Users/timtaylor/Documents/Titanium/SecretsUnsealed/build/android/res/drawable-ldpi/house_51fb9fd415.png
[TRACE] COPYING FILE: /Users/timtaylor/Documents/Titanium/SecretsUnsealed/Resources/android/images/low/newspaper.png => /Users/timtaylor/Documents/Titanium/SecretsUnsealed/build/android/res/drawable-ldpi/newspaper_b7708545f9.png
[DEBUG] found special platform files dir = /Users/timtaylor/Documents/Titanium/SecretsUnsealed/platform/android
[INFO] Copying platform-specific files ...
[DEBUG] copying app icon: /Users/timtaylor/Documents/Titanium/SecretsUnsealed/build/android/bin/assets/Resources/appicon.png
[DEBUG] generating theme.xml
[DEBUG] found drawable-long-land-hdpi splash screen at /Users/timtaylor/Documents/Titanium/SecretsUnsealed/Resources/android/images/res-long-land-hdpi/default.png
[DEBUG] copying /Users/timtaylor/Documents/Titanium/SecretsUnsealed/Resources/android/images/res-long-land-hdpi/default.png splash screen to /Users/timtaylor/Documents/Titanium/SecretsUnsealed/build/android/res/drawable-long-land-hdpi/background.png
[DEBUG] found drawable-long-land-ldpi splash screen at /Users/timtaylor/Documents/Titanium/SecretsUnsealed/Resources/android/images/res-long-land-ldpi/default.png
[DEBUG] copying /Users/timtaylor/Documents/Titanium/SecretsUnsealed/Resources/android/images/res-long-land-ldpi/default.png splash screen to /Users/timtaylor/Documents/Titanium/SecretsUnsealed/build/android/res/drawable-long-land-ldpi/background.png
[DEBUG] found drawable-long-port-hdpi splash screen at /Users/timtaylor/Documents/Titanium/SecretsUnsealed/Resources/android/images/res-long-port-hdpi/default.png
[DEBUG] copying /Users/timtaylor/Documents/Titanium/SecretsUnsealed/Resources/android/images/res-long-port-hdpi/default.png splash screen to /Users/timtaylor/Documents/Titanium/SecretsUnsealed/build/android/res/drawable-long-port-hdpi/background.png
[DEBUG] found drawable-long-port-ldpi splash screen at /Users/timtaylor/Documents/Titanium/SecretsUnsealed/Resources/android/images/res-long-port-ldpi/default.png
[DEBUG] copying /Users/timtaylor/Documents/Titanium/SecretsUnsealed/Resources/android/images/res-long-port-ldpi/default.png splash screen to /Users/timtaylor/Documents/Titanium/SecretsUnsealed/build/android/res/drawable-long-port-ldpi/background.png
[DEBUG] found drawable-notlong-land-hdpi splash screen at /Users/timtaylor/Documents/Titanium/SecretsUnsealed/Resources/android/images/res-notlong-land-hdpi/default.png
[DEBUG] copying /Users/timtaylor/Documents/Titanium/SecretsUnsealed/Resources/android/images/res-notlong-land-hdpi/default.png splash screen to /Users/timtaylor/Documents/Titanium/SecretsUnsealed/build/android/res/drawable-notlong-land-hdpi/background.png
[DEBUG] found drawable-notlong-land-ldpi splash screen at /Users/timtaylor/Documents/Titanium/SecretsUnsealed/Resources/android/images/res-notlong-land-ldpi/default.png
[DEBUG] copying /Users/timtaylor/Documents/Titanium/SecretsUnsealed/Resources/android/images/res-notlong-land-ldpi/default.png splash screen to /Users/timtaylor/Documents/Titanium/SecretsUnsealed/build/android/res/drawable-notlong-land-ldpi/background.png
[DEBUG] found drawable-notlong-land-mdpi splash screen at /Users/timtaylor/Documents/Titanium/SecretsUnsealed/Resources/android/images/res-notlong-land-mdpi/default.png
[DEBUG] copying /Users/timtaylor/Documents/Titanium/SecretsUnsealed/Resources/android/images/res-notlong-land-mdpi/default.png splash screen to /Users/timtaylor/Documents/Titanium/SecretsUnsealed/build/android/res/drawable-notlong-land-mdpi/background.png
[DEBUG] found drawable-notlong-port-hdpi splash screen at /Users/timtaylor/Documents/Titanium/SecretsUnsealed/Resources/android/images/res-notlong-port-hdpi/default.png
[DEBUG] copying /Users/timtaylor/Documents/Titanium/SecretsUnsealed/Resources/android/images/res-notlong-port-hdpi/default.png splash screen to /Users/timtaylor/Documents/Titanium/SecretsUnsealed/build/android/res/drawable-notlong-port-hdpi/background.png
[DEBUG] found drawable-notlong-port-ldpi splash screen at /Users/timtaylor/Documents/Titanium/SecretsUnsealed/Resources/android/images/res-notlong-port-ldpi/default.png
[DEBUG] copying /Users/timtaylor/Documents/Titanium/SecretsUnsealed/Resources/android/images/res-notlong-port-ldpi/default.png splash screen to /Users/timtaylor/Documents/Titanium/SecretsUnsealed/build/android/res/drawable-notlong-port-ldpi/background.png
[DEBUG] found drawable-notlong-port-mdpi splash screen at /Users/timtaylor/Documents/Titanium/SecretsUnsealed/Resources/android/images/res-notlong-port-mdpi/default.png
[DEBUG] copying /Users/timtaylor/Documents/Titanium/SecretsUnsealed/Resources/android/images/res-notlong-port-mdpi/default.png splash screen to /Users/timtaylor/Documents/Titanium/SecretsUnsealed/build/android/res/drawable-notlong-port-mdpi/background.png
[DEBUG] found splash screen at /Users/timtaylor/Documents/Titanium/SecretsUnsealed/build/android/bin/assets/Resources/default.png
[TRACE] Writing out AndroidManifest.xml
[DEBUG] adding /Users/timtaylor/Documents/Titanium/SecretsUnsealed/build/android/gen/com/secretsunsealed/secretsunsealed/AssetCryptImpl.java to javac build list
[DEBUG] adding /Users/timtaylor/Documents/Titanium/SecretsUnsealed/build/android/gen/com/secretsunsealed/secretsunsealed/Manifest.java to javac build list
[DEBUG] adding /Users/timtaylor/Documents/Titanium/SecretsUnsealed/build/android/gen/com/secretsunsealed/secretsunsealed/R.java to javac build list
[DEBUG] adding /Users/timtaylor/Documents/Titanium/SecretsUnsealed/build/android/gen/com/secretsunsealed/secretsunsealed/SecretsunsealedActivity.java to javac build list
[DEBUG] adding /Users/timtaylor/Documents/Titanium/SecretsUnsealed/build/android/gen/com/secretsunsealed/secretsunsealed/SecretsunsealedAppInfo.java to javac build list
[DEBUG] adding /Users/timtaylor/Documents/Titanium/SecretsUnsealed/build/android/gen/com/secretsunsealed/secretsunsealed/SecretsunsealedApplication.java to javac build list
[DEBUG] Building Java Sources: "/Users/timtaylor/Documents/Titanium/SecretsUnsealed/build/android/gen/com/secretsunsealed/secretsunsealed/AssetCryptImpl.java" "/Users/timtaylor/Documents/Titanium/SecretsUnsealed/build/android/gen/com/secretsunsealed/secretsunsealed/Manifest.java" "/Users/timtaylor/Documents/Titanium/SecretsUnsealed/build/android/gen/com/secretsunsealed/secretsunsealed/R.java" "/Users/timtaylor/Documents/Titanium/SecretsUnsealed/build/android/gen/com/secretsunsealed/secretsunsealed/SecretsunsealedActivity.java" "/Users/timtaylor/Documents/Titanium/SecretsUnsealed/build/android/gen/com/secretsunsealed/secretsunsealed/SecretsunsealedAppInfo.java" "/Users/timtaylor/Documents/Titanium/SecretsUnsealed/build/android/gen/com/secretsunsealed/secretsunsealed/SecretsunsealedApplication.java"
[INFO] Compiling Android Resources... This could take some time
[DEBUG] Android classes.dex built
[DEBUG] creating unsigned apk: /Users/timtaylor/Documents/Titanium/SecretsUnsealed/build/android/bin/app-unsigned.apk
[DEBUG] from resource zip => assets/Resources/ds.slideMenu/ButtonMenu.png
[DEBUG] from resource zip => assets/Resources/ds.slideMenu/ButtonMenu@2x.png
[DEBUG] from resource zip => assets/Resources/ds.slideMenu/NavBackground.png
[DEBUG] from resource zip => assets/Resources/images/Team.png
[DEBUG] from resource zip => assets/Resources/images/at.png
[DEBUG] from resource zip => assets/Resources/images/at@2x.png
[DEBUG] from resource zip => assets/Resources/images/cards.png
[DEBUG] from resource zip => assets/Resources/images/cards@2x.png
[DEBUG] from resource zip => assets/Resources/images/house.png
[DEBUG] from resource zip => assets/Resources/images/house@2x.png
[DEBUG] from resource zip => assets/Resources/images/newspaper.png
[DEBUG] from resource zip => assets/Resources/images/newspaper@2x.png
[DEBUG] from resource zip => assets/Resources/res/drawable/pushicon.png
[DEBUG] from resource zip => assets/Resources/KS_nav_ui.png
[DEBUG] from resource zip => assets/Resources/KS_nav_views.png
[DEBUG] from resource zip => assets/Resources/about.html
[DEBUG] from resource zip => assets/Resources/appicon.png
[DEBUG] from resource zip => assets/Resources/default.png
[DEBUG] from resource zip => assets/app.json
[DEBUG] from resource zip => assets/index.json
[DEBUG] from resource zip => res/drawable/appicon.png
[DEBUG] from resource zip => res/drawable/background.png
[DEBUG] from resource zip => res/drawable/btn_check_buttonless_on_64.png
[DEBUG] from resource zip => res/drawable/btn_more_64.png
[DEBUG] from resource zip => res/drawable/disclosure_64.png
[DEBUG] from resource zip => res/drawable/pushicon.png
[DEBUG] from resource zip => res/layout/titanium_tabgroup.xml
[DEBUG] from resource zip => res/layout/titanium_ui_list_header_or_footer.xml
[DEBUG] from resource zip => res/layout/titanium_ui_list_item.xml
[DEBUG] from resource zip => AndroidManifest.xml
[DEBUG] from resource zip => resources.arsc
[DEBUG] from resource zip => res/drawable-hdpi/at_5f51bf5e70.png
[DEBUG] from resource zip => res/drawable-hdpi/buttonmenu_f0876bdb4e.png
[DEBUG] from resource zip => res/drawable-hdpi/cards_2219d463cd.png
[DEBUG] from resource zip => res/drawable-hdpi/house_51fb9fd415.png
[DEBUG] from resource zip => res/drawable-hdpi/newspaper_b7708545f9.png
[DEBUG] from resource zip => res/drawable-ldpi/at_5f51bf5e70.png
[DEBUG] from resource zip => res/drawable-ldpi/buttonmenu_f0876bdb4e.png
[DEBUG] from resource zip => res/drawable-ldpi/cards_2219d463cd.png
[DEBUG] from resource zip => res/drawable-ldpi/house_51fb9fd415.png
[DEBUG] from resource zip => res/drawable-ldpi/newspaper_b7708545f9.png
[DEBUG] from resource zip => res/drawable-long-land-hdpi/background.png
[DEBUG] from resource zip => res/drawable-long-land-ldpi/background.png
[DEBUG] from resource zip => res/drawable-long-port-hdpi/background.png
[DEBUG] from resource zip => res/drawable-long-port-ldpi/background.png
[DEBUG] from resource zip => res/drawable-notlong-land-hdpi/background.png
[DEBUG] from resource zip => res/drawable-notlong-land-ldpi/background.png
[DEBUG] from resource zip => res/drawable-notlong-land-mdpi/background.png
[DEBUG] from resource zip => res/drawable-notlong-port-hdpi/background.png
[DEBUG] from resource zip => res/drawable-notlong-port-ldpi/background.png
[DEBUG] from resource zip => res/drawable-notlong-port-mdpi/background.png
[DEBUG] from JAR /Users/timtaylor/Library/Application Support/Titanium/modules/android/ti.cloudpush/2.3.2/lib/bcprov-jdk15-146-shrink.jar => org/bouncycastle/x509/CertPathReviewerMessages.properties
[DEBUG] from JAR /Users/timtaylor/Library/Application Support/Titanium/modules/android/ti.cloudpush/2.3.2/lib/bcprov-jdk15-146-shrink.jar => org/bouncycastle/x509/CertPathReviewerMessages_de.properties
[DEBUG] from JAR /Users/timtaylor/Library/Application Support/Titanium/modules/android/ti.cloudpush/2.3.2/lib/org.eclipse.paho.client.mqttv3.jar => org/eclipse/paho/client/mqttv3/internal/nls/logcat.properties
[DEBUG] from JAR /Users/timtaylor/Library/Application Support/Titanium/modules/android/ti.cloudpush/2.3.2/lib/org.eclipse.paho.client.mqttv3.jar => org/eclipse/paho/client/mqttv3/internal/nls/messages.properties
[DEBUG] from JAR /Users/timtaylor/Library/Application Support/Titanium/modules/android/ti.cloudpush/2.3.2/lib/org.eclipse.paho.client.mqttv3.jar => org/eclipse/paho/client/mqttv3/internal/nls/messages_cs.properties
[DEBUG] from JAR /Users/timtaylor/Library/Application Support/Titanium/modules/android/ti.cloudpush/2.3.2/lib/org.eclipse.paho.client.mqttv3.jar => org/eclipse/paho/client/mqttv3/internal/nls/messages_de.properties
[DEBUG] from JAR /Users/timtaylor/Library/Application Support/Titanium/modules/android/ti.cloudpush/2.3.2/lib/org.eclipse.paho.client.mqttv3.jar => org/eclipse/paho/client/mqttv3/internal/nls/messages_es.properties
[DEBUG] from JAR /Users/timtaylor/Library/Application Support/Titanium/modules/android/ti.cloudpush/2.3.2/lib/org.eclipse.paho.client.mqttv3.jar => org/eclipse/paho/client/mqttv3/internal/nls/messages_fr.properties
[DEBUG] from JAR /Users/timtaylor/Library/Application Support/Titanium/modules/android/ti.cloudpush/2.3.2/lib/org.eclipse.paho.client.mqttv3.jar => org/eclipse/paho/client/mqttv3/internal/nls/messages_hu.properties
[DEBUG] from JAR /Users/timtaylor/Library/Application Support/Titanium/modules/android/ti.cloudpush/2.3.2/lib/org.eclipse.paho.client.mqttv3.jar => org/eclipse/paho/client/mqttv3/internal/nls/messages_it.properties
[DEBUG] from JAR /Users/timtaylor/Library/Application Support/Titanium/modules/android/ti.cloudpush/2.3.2/lib/org.eclipse.paho.client.mqttv3.jar => org/eclipse/paho/client/mqttv3/internal/nls/messages_ja.properties
[DEBUG] from JAR /Users/timtaylor/Library/Application Support/Titanium/modules/android/ti.cloudpush/2.3.2/lib/org.eclipse.paho.client.mqttv3.jar => org/eclipse/paho/client/mqttv3/internal/nls/messages_ko.properties
[DEBUG] from JAR /Users/timtaylor/Library/Application Support/Titanium/modules/android/ti.cloudpush/2.3.2/lib/org.eclipse.paho.client.mqttv3.jar => org/eclipse/paho/client/mqttv3/internal/nls/messages_pl.properties
[DEBUG] from JAR /Users/timtaylor/Library/Application Support/Titanium/modules/android/ti.cloudpush/2.3.2/lib/org.eclipse.paho.client.mqttv3.jar => org/eclipse/paho/client/mqttv3/internal/nls/messages_pt_BR.properties
[DEBUG] from JAR /Users/timtaylor/Library/Application Support/Titanium/modules/android/ti.cloudpush/2.3.2/lib/org.eclipse.paho.client.mqttv3.jar => org/eclipse/paho/client/mqttv3/internal/nls/messages_ru.properties
[DEBUG] from JAR /Users/timtaylor/Library/Application Support/Titanium/modules/android/ti.cloudpush/2.3.2/lib/org.eclipse.paho.client.mqttv3.jar => org/eclipse/paho/client/mqttv3/internal/nls/messages_zh_CN.properties
[DEBUG] from JAR /Users/timtaylor/Library/Application Support/Titanium/modules/android/ti.cloudpush/2.3.2/lib/org.eclipse.paho.client.mqttv3.jar => org/eclipse/paho/client/mqttv3/internal/nls/messages_zh_TW.properties
[DEBUG] from JAR /Users/timtaylor/Library/Application Support/Titanium/modules/android/ti.cloudpush/2.3.2/lib/org.eclipse.paho.client.mqttv3.jar => org/eclipse/paho/client/mqttv3/logging/jsr47min.properties
[DEBUG] from JAR /Users/timtaylor/Library/Application Support/Titanium/mobilesdk/osx/3.1.3.GA/android/titanium.jar => org/appcelerator/titanium/build.properties
[DEBUG] from JAR /Users/timtaylor/Library/Application Support/Titanium/mobilesdk/osx/3.1.3.GA/android/titanium.jar => org/appcelerator/titanium/res/drawable/background.png
[DEBUG] from JAR /Users/timtaylor/Library/Application Support/Titanium/mobilesdk/osx/3.1.3.GA/android/titanium.jar => org/appcelerator/titanium/res/drawable/btn_check_buttonless_on.png
[DEBUG] from JAR /Users/timtaylor/Library/Application Support/Titanium/mobilesdk/osx/3.1.3.GA/android/titanium.jar => org/appcelerator/titanium/res/drawable/btn_check_buttonless_on_18.png
[DEBUG] from JAR /Users/timtaylor/Library/Application Support/Titanium/mobilesdk/osx/3.1.3.GA/android/titanium.jar => org/appcelerator/titanium/res/drawable/btn_check_buttonless_on_48.png
[DEBUG] from JAR /Users/timtaylor/Library/Application Support/Titanium/mobilesdk/osx/3.1.3.GA/android/titanium.jar => org/appcelerator/titanium/res/drawable/btn_check_buttonless_on_64.png
[DEBUG] from JAR /Users/timtaylor/Library/Application Support/Titanium/mobilesdk/osx/3.1.3.GA/android/titanium.jar => org/appcelerator/titanium/res/drawable/btn_more.png
[DEBUG] from JAR /Users/timtaylor/Library/Application Support/Titanium/mobilesdk/osx/3.1.3.GA/android/titanium.jar => org/appcelerator/titanium/res/drawable/btn_more_18.png
[DEBUG] from JAR /Users/timtaylor/Library/Application Support/Titanium/mobilesdk/osx/3.1.3.GA/android/titanium.jar => org/appcelerator/titanium/res/drawable/btn_more_48.png
[DEBUG] from JAR /Users/timtaylor/Library/Application Support/Titanium/mobilesdk/osx/3.1.3.GA/android/titanium.jar => org/appcelerator/titanium/res/drawable/btn_more_64.png
[DEBUG] from JAR /Users/timtaylor/Library/Application Support/Titanium/mobilesdk/osx/3.1.3.GA/android/titanium.jar => org/appcelerator/titanium/res/drawable/btn_picker_normal.9.png
[DEBUG] from JAR /Users/timtaylor/Library/Application Support/Titanium/mobilesdk/osx/3.1.3.GA/android/titanium.jar => org/appcelerator/titanium/res/drawable/btn_picker_pressed.9.png
[DEBUG] from JAR /Users/timtaylor/Library/Application Support/Titanium/mobilesdk/osx/3.1.3.GA/android/titanium.jar => org/appcelerator/titanium/res/drawable/btn_picker_selected.9.png
[DEBUG] from JAR /Users/timtaylor/Library/Application Support/Titanium/mobilesdk/osx/3.1.3.GA/android/titanium.jar => org/appcelerator/titanium/res/drawable/default_icon.png
[DEBUG] from JAR /Users/timtaylor/Library/Application Support/Titanium/mobilesdk/osx/3.1.3.GA/android/titanium.jar => org/appcelerator/titanium/res/drawable/photoDefault.png
[DEBUG] from JAR /Users/timtaylor/Library/Application Support/Titanium/mobilesdk/osx/3.1.3.GA/android/thirdparty.jar => org/apache/Commons-NOTICE.txt
[DEBUG] from JAR /Users/timtaylor/Library/Application Support/Titanium/mobilesdk/osx/3.1.3.GA/android/thirdparty.jar => org/apache/HttpComponents-NOTICE.txt
[DEBUG] from JAR /Users/timtaylor/Library/Application Support/Titanium/mobilesdk/osx/3.1.3.GA/android/thirdparty.jar => org/apache/mime4j-NOTICE.txt
[DEBUG] from JAR /Users/timtaylor/Library/Application Support/Titanium/mobilesdk/osx/3.1.3.GA/android/modules/titanium-ui.jar => ti/modules/titanium/ui/widget/webview/binding.js
[DEBUG] from JAR /Users/timtaylor/Library/Application Support/Titanium/mobilesdk/osx/3.1.3.GA/android/modules/titanium-ui.jar => ti/modules/titanium/ui/widget/webview/binding.min.js
[DEBUG] from JAR /Users/timtaylor/Library/Application Support/Titanium/mobilesdk/osx/3.1.3.GA/android/modules/titanium-ui.jar => ti/modules/titanium/ui/widget/webview/json2.js
[DEBUG] from JAR /Users/timtaylor/Library/Application Support/Titanium/mobilesdk/osx/3.1.3.GA/android/modules/titanium-ui.jar => ti/modules/titanium/ui/widget/webview/polling.js
[DEBUG] from JAR /Users/timtaylor/Library/Application Support/Titanium/mobilesdk/osx/3.1.3.GA/android/modules/titanium-ui.jar => ti/modules/titanium/ui/widget/webview/polling.min.js
[DEBUG] installing native lib: /Users/timtaylor/Library/Application Support/Titanium/modules/android/ti.inappbilling/2.2.0/libs/armeabi/libti.inappbilling.so
[DEBUG] installing native lib: /Users/timtaylor/Library/Application Support/Titanium/modules/android/ti.inappbilling/2.2.0/libs/armeabi-v7a/libti.inappbilling.so
[DEBUG] installing native lib: /Users/timtaylor/Library/Application Support/Titanium/modules/android/ti.cloudpush/2.3.2/libs/armeabi/libti.cloudpush.so
[DEBUG] installing native lib: /Users/timtaylor/Library/Application Support/Titanium/modules/android/ti.cloudpush/2.3.2/libs/armeabi-v7a/libti.cloudpush.so
[DEBUG] installing native SDK libs
